16:25:10 **** Incremental Build of configuration Default for project Queen ****
xmake CONFIG=Default all 
Checking build modules
No build modules used.
Analyzing Queen.xc
Creating dependencies for Queen.xc
Compiling Queen.xc
Creating Queen.xe
Build Complete
16:25:46 **** Incremental Build of configuration Default for project Queen ****
xmake CONFIG=Default all 
Checking build modules
No build modules used.
xmake[1]: `bin//Queen.xe' is up to date.
Build Complete
16:26:54 **** Incremental Build of configuration Default for project Queen ****
xmake CONFIG=Default all 
Checking build modules
No build modules used.
xmake[1]: `bin//Queen.xe' is up to date.
Build Complete
16:33:54 **** Incremental Build of configuration Default for project Queen ****
xmake CONFIG=Default all 
Checking build modules
No build modules used.
Analyzing Queen.xc
Creating dependencies for Queen.xc
Compiling Queen.xc
Creating Queen.xe
Build Complete
16:37:51 **** Incremental Build of configuration Default for project Queen ****
xmake CONFIG=Default all 
Checking build modules
No build modules used.
Analyzing Queen.xc
Creating dependencies for Queen.xc
Compiling Queen.xc
Creating Queen.xe
Build Complete
16:39:36 **** Incremental Build of configuration Default for project Queen ****
xmake CONFIG=Default all 
Checking build modules
No build modules used.
Analyzing Queen.xc
Propagating analysis
Creating dependencies for Queen.xc
Compiling Queen.xc
Creating Queen.xe
Build Complete
16:40:03 **** Incremental Build of configuration Default for project Queen ****
xmake CONFIG=Default all 
Checking build modules
No build modules used.
Analyzing Queen.xc
Creating dependencies for Queen.xc
Compiling Queen.xc
Creating Queen.xe
Build Complete
16:42:55 **** Incremental Build of configuration Default for project Queen ****
xmake CONFIG=Default all 
Checking build modules
No build modules used.
Analyzing Queen.xc
Propagating analysis
Creating dependencies for Queen.xc
Compiling Queen.xc
Creating Queen.xe
Build Complete
16:44:17 **** Incremental Build of configuration Default for project Queen ****
xmake CONFIG=Default all 
Checking build modules
No build modules used.
Analyzing Queen.xc
../src/Queen.xc:19:9: error: use of undeclared identifer `i'
    for(i=0; i<20; i++){
        ^
xmake[1]: *** [.build/src/Queen.xc.pca.xml.decouple] Error 1
xmake: *** [analyze] Error 2
16:44:40 **** Incremental Build of configuration Default for project Queen ****
xmake CONFIG=Default all 
Checking build modules
No build modules used.
Analyzing Queen.xc
Propagating analysis
Creating dependencies for Queen.xc
Compiling Queen.xc
Creating Queen.xe
Build Complete
16:49:54 **** Incremental Build of configuration Default for project Queen ****
xmake CONFIG=Default all 
Checking build modules
No build modules used.
Analyzing Queen.xc
Propagating analysis
Creating dependencies for Queen.xc
Compiling Queen.xc
Creating Queen.xe
Build Complete
16:52:36 **** Incremental Build of configuration Default for project Queen ****
xmake CONFIG=Default all 
Checking build modules
No build modules used.
Analyzing Queen.xc
Creating dependencies for Queen.xc
Compiling Queen.xc
Creating Queen.xe
Build Complete
16:53:11 **** Incremental Build of configuration Default for project Queen ****
xmake CONFIG=Default all 
Checking build modules
No build modules used.
Analyzing Queen.xc
Creating dependencies for Queen.xc
Compiling Queen.xc
Creating Queen.xe
Build Complete
16:54:30 **** Incremental Build of configuration Default for project Queen ****
xmake CONFIG=Default all 
Checking build modules
No build modules used.
Analyzing Queen.xc
Creating dependencies for Queen.xc
Compiling Queen.xc
Creating Queen.xe
Build Complete
16:55:22 **** Incremental Build of configuration Default for project Queen ****
xmake CONFIG=Default all 
Checking build modules
No build modules used.
Analyzing Queen.xc
Propagating analysis
Creating dependencies for Queen.xc
Compiling Queen.xc
Creating Queen.xe
Build Complete
16:56:46 **** Incremental Build of configuration Default for project Queen ****
xmake CONFIG=Default all 
Checking build modules
No build modules used.
Analyzing Queen.xc
Creating dependencies for Queen.xc
Compiling Queen.xc
Creating Queen.xe
Build Complete
16:57:20 **** Incremental Build of configuration Default for project Queen ****
xmake CONFIG=Default all 
Checking build modules
No build modules used.
Analyzing Queen.xc
Creating dependencies for Queen.xc
Compiling Queen.xc
Creating Queen.xe
Build Complete
16:57:57 **** Incremental Build of configuration Default for project Queen ****
xmake CONFIG=Default all 
Checking build modules
No build modules used.
Analyzing Queen.xc
Creating dependencies for Queen.xc
Compiling Queen.xc
Creating Queen.xe
Build Complete
16:58:29 **** Incremental Build of configuration Default for project Queen ****
xmake CONFIG=Default all 
Checking build modules
No build modules used.
Analyzing Queen.xc
Creating dependencies for Queen.xc
Compiling Queen.xc
Creating Queen.xe
Build Complete
17:09:33 **** Incremental Build of configuration Default for project Queen ****
xmake CONFIG=Default all 
Checking build modules
No build modules used.
Analyzing Queen.xc
Propagating analysis
Creating dependencies for Queen.xc
Compiling Queen.xc
Creating Queen.xe
Build Complete
14:22:56 **** Build of configuration Default for project Queen ****
xmake CONFIG=Default all 
Checking build modules
No build modules used.
xmake[1]: `bin//Queen.xe' is up to date.
Build Complete
14:22:56 **** Build of configuration Default for project Queen_and_Worker_Ants ****
xmake CONFIG=Default all 
Checking build modules
No build modules used.
Creating Queen_and_Worker_Ants.xe
crt1.S: Error: Undefined reference to 'main'
xmake[1]: *** [bin//Queen_and_Worker_Ants.xe] Error 1
xmake: *** [bin//Queen_and_Worker_Ants.xe] Error 2
14:22:57 **** Build of configuration Default for project defendergame ****
xmake CONFIG=Default all 
Checking build modules
No build modules used.
Analyzing defendergame.xc
../src/defendergame.xc:120:16: warning: unused variable `attemptedAntPosition' [-Wunused-variable]
  unsigned int attemptedAntPosition = 0;   //the next attempted defender position after considering button
               ^~~~~~~~~~~~~~~~~~~~
../src/defendergame.xc:121:7: warning: unused variable `moveForbidden' [-Wunused-variable]
  int moveForbidden;                       //the verdict of the controller if move is allowed
      ^~~~~~~~~~~~~
../src/defendergame.xc:137:7: warning: unused variable `moveCounter' [-Wunused-variable]
  int moveCounter = 0;                       //moves of attacker so far
      ^~~~~~~~~~~
../src/defendergame.xc:139:16: warning: unused variable `attemptedAntPosition' [-Wunused-variable]
  unsigned int attemptedAntPosition;         //the next attempted  position after considering move direction
               ^~~~~~~~~~~~~~~~~~~~
../src/defendergame.xc:140:7: warning: unused variable `currentDirection' [-Wunused-variable]
  int currentDirection = 1;                  //the current direction the attacker is moving
      ^~~~~~~~~~~~~~~~
../src/defendergame.xc:141:7: warning: unused variable `moveForbidden' [-Wunused-variable]
  int moveForbidden = 0;                     //the verdict of the controller if move is allowed
      ^~~~~~~~~~~~~
../src/defendergame.xc:161:16: warning: unused variable `lastReportedUserAntPosition' [-Wunused-variable]
  unsigned int lastReportedUserAntPosition = 11;      //position last reported by userAnt
               ^~~~~~~~~~~~~~~~~~~~~~~~~~~
../src/defendergame.xc:162:16: warning: unused variable `lastReportedAttackerAntPosition' [-Wunused-variable]
  unsigned int lastReportedAttackerAntPosition = 5;   //position last reported by attackerAnt
               ^~~~~~~~~~~~~~~~~~~~~~~~~~~~~~~
Propagating analysis
Creating dependencies for defendergame.xc
Compiling defendergame.xc
../src/defendergame.xc:120:16: warning: unused variable `attemptedAntPosition' [-Wunused-variable]
  unsigned int attemptedAntPosition = 0;   //the next attempted defender position after considering button
               ^~~~~~~~~~~~~~~~~~~~
../src/defendergame.xc:121:7: warning: unused variable `moveForbidden' [-Wunused-variable]
  int moveForbidden;                       //the verdict of the controller if move is allowed
      ^~~~~~~~~~~~~
../src/defendergame.xc:137:7: warning: unused variable `moveCounter' [-Wunused-variable]
  int moveCounter = 0;                       //moves of attacker so far
      ^~~~~~~~~~~
../src/defendergame.xc:139:16: warning: unused variable `attemptedAntPosition' [-Wunused-variable]
  unsigned int attemptedAntPosition;         //the next attempted  position after considering move direction
               ^~~~~~~~~~~~~~~~~~~~
../src/defendergame.xc:140:7: warning: unused variable `currentDirection' [-Wunused-variable]
  int currentDirection = 1;                  //the current direction the attacker is moving
      ^~~~~~~~~~~~~~~~
../src/defendergame.xc:141:7: warning: unused variable `moveForbidden' [-Wunused-variable]
  int moveForbidden = 0;                     //the verdict of the controller if move is allowed
      ^~~~~~~~~~~~~
../src/defendergame.xc:161:16: warning: unused variable `lastReportedUserAntPosition' [-Wunused-variable]
  unsigned int lastReportedUserAntPosition = 11;      //position last reported by userAnt
               ^~~~~~~~~~~~~~~~~~~~~~~~~~~
../src/defendergame.xc:162:16: warning: unused variable `lastReportedAttackerAntPosition' [-Wunused-variable]
  unsigned int lastReportedAttackerAntPosition = 5;   //position last reported by attackerAnt
               ^~~~~~~~~~~~~~~~~~~~~~~~~~~~~~~
Creating defendergame.xe
Build Complete
14:22:57 **** Build of configuration Default for project revisionLecture4 ****
xmake CONFIG=Default all 
Checking build modules
No build modules used.
xmake[1]: `bin//revisionLecture4.xe' is up to date.
Build Complete
14:23:08 **** Incremental Build of configuration Default for project defendergame ****
xmake CONFIG=Default all 
Checking build modules
No build modules used.
xmake[1]: `bin//defendergame.xe' is up to date.
Build Complete
14:26:12 **** Incremental Build of configuration Default for project defendergame ****
xmake CONFIG=Default all 
Checking build modules
No build modules used.
xmake[1]: `bin//defendergame.xe' is up to date.
Build Complete
14:35:02 **** Incremental Build of configuration Default for project defendergame ****
xmake CONFIG=Default all 
Checking build modules
No build modules used.
xmake[1]: `bin//defendergame.xe' is up to date.
Build Complete
15:03:19 **** Incremental Build of configuration Default for project defendergame ****
xmake CONFIG=Default all 
Checking build modules
No build modules used.
Analyzing defendergame.xc
../src/defendergame.xc:126:28: error: use of undeclared identifer `userAntPostion'
    if (buttonInput == 14) userAntPostion++;
                           ^
../src/defendergame.xc:120:16: warning: unused variable `attemptedAntPosition' [-Wunused-variable]
  unsigned int attemptedAntPosition = 0;   //the next attempted defender position after considering button
               ^~~~~~~~~~~~~~~~~~~~
../src/defendergame.xc:121:7: warning: unused variable `moveForbidden' [-Wunused-variable]
  int moveForbidden;                       //the verdict of the controller if move is allowed
      ^~~~~~~~~~~~~
../src/defendergame.xc:154:12: error: use of undeclared identifer `attackerAntPostion'
      if ((attackerAntPostion == 22) && (attackerAntPostion == 4294967295)) userAntPostion = 0;
           ^
../src/defendergame.xc:154:77: error: use of undeclared identifer `userAntPostion'
      if ((attackerAntPostion == 22) && (attackerAntPostion == 4294967295)) userAntPostion = 0;
                                                                            ^
../src/defendergame.xc:140:7: warning: unused variable `moveCounter' [-Wunused-variable]
  int moveCounter = 0;                       //moves of attacker so far
      ^~~~~~~~~~~
../src/defendergame.xc:142:16: warning: unused variable `attemptedAntPosition' [-Wunused-variable]
  unsigned int attemptedAntPosition;         //the next attempted  position after considering move direction
               ^~~~~~~~~~~~~~~~~~~~
../src/defendergame.xc:143:7: warning: unused variable `currentDirection' [-Wunused-variable]
  int currentDirection = 1;                  //the current direction the attacker is moving
      ^~~~~~~~~~~~~~~~
../src/defendergame.xc:144:7: warning: unused variable `moveForbidden' [-Wunused-variable]
  int moveForbidden = 0;                     //the verdict of the controller if move is allowed
      ^~~~~~~~~~~~~
../src/defendergame.xc:166:16: warning: unused variable `lastReportedUserAntPosition' [-Wunused-variable]
  unsigned int lastReportedUserAntPosition = 11;      //position last reported by userAnt
               ^~~~~~~~~~~~~~~~~~~~~~~~~~~
../src/defendergame.xc:167:16: warning: unused variable `lastReportedAttackerAntPosition' [-Wunused-variable]
  unsigned int lastReportedAttackerAntPosition = 5;   //position last reported by attackerAnt
               ^~~~~~~~~~~~~~~~~~~~~~~~~~~~~~~
xmake[1]: *** [.build/src/defendergame.xc.pca.xml.decouple] Error 1
xmake: *** [analyze] Error 2
15:04:21 **** Incremental Build of configuration Default for project defendergame ****
xmake CONFIG=Default all 
Checking build modules
No build modules used.
Analyzing defendergame.xc
../src/defendergame.xc:127:69: error: use of undeclared identifer `userAntPostion'
    if ((userAntPosition == 22) && (userAntPosition == 4294967295)) userAntPostion = 0;
                                                                    ^
../src/defendergame.xc:120:16: warning: unused variable `attemptedAntPosition' [-Wunused-variable]
  unsigned int attemptedAntPosition = 0;   //the next attempted defender position after considering button
               ^~~~~~~~~~~~~~~~~~~~
../src/defendergame.xc:121:7: warning: unused variable `moveForbidden' [-Wunused-variable]
  int moveForbidden;                       //the verdict of the controller if move is allowed
      ^~~~~~~~~~~~~
../src/defendergame.xc:140:7: warning: unused variable `moveCounter' [-Wunused-variable]
  int moveCounter = 0;                       //moves of attacker so far
      ^~~~~~~~~~~
../src/defendergame.xc:142:16: warning: unused variable `attemptedAntPosition' [-Wunused-variable]
  unsigned int attemptedAntPosition;         //the next attempted  position after considering move direction
               ^~~~~~~~~~~~~~~~~~~~
../src/defendergame.xc:143:7: warning: unused variable `currentDirection' [-Wunused-variable]
  int currentDirection = 1;                  //the current direction the attacker is moving
      ^~~~~~~~~~~~~~~~
../src/defendergame.xc:144:7: warning: unused variable `moveForbidden' [-Wunused-variable]
  int moveForbidden = 0;                     //the verdict of the controller if move is allowed
      ^~~~~~~~~~~~~
../src/defendergame.xc:166:16: warning: unused variable `lastReportedUserAntPosition' [-Wunused-variable]
  unsigned int lastReportedUserAntPosition = 11;      //position last reported by userAnt
               ^~~~~~~~~~~~~~~~~~~~~~~~~~~
../src/defendergame.xc:167:16: warning: unused variable `lastReportedAttackerAntPosition' [-Wunused-variable]
  unsigned int lastReportedAttackerAntPosition = 5;   //position last reported by attackerAnt
               ^~~~~~~~~~~~~~~~~~~~~~~~~~~~~~~
xmake[1]: *** [.build/src/defendergame.xc.pca.xml.decouple] Error 1
xmake: *** [analyze] Error 2
15:04:45 **** Incremental Build of configuration Default for project defendergame ****
xmake CONFIG=Default all 
Checking build modules
No build modules used.
Analyzing defendergame.xc
../src/defendergame.xc:120:16: warning: unused variable `attemptedAntPosition' [-Wunused-variable]
  unsigned int attemptedAntPosition = 0;   //the next attempted defender position after considering button
               ^~~~~~~~~~~~~~~~~~~~
../src/defendergame.xc:121:7: warning: unused variable `moveForbidden' [-Wunused-variable]
  int moveForbidden;                       //the verdict of the controller if move is allowed
      ^~~~~~~~~~~~~
../src/defendergame.xc:140:7: warning: unused variable `moveCounter' [-Wunused-variable]
  int moveCounter = 0;                       //moves of attacker so far
      ^~~~~~~~~~~
../src/defendergame.xc:142:16: warning: unused variable `attemptedAntPosition' [-Wunused-variable]
  unsigned int attemptedAntPosition;         //the next attempted  position after considering move direction
               ^~~~~~~~~~~~~~~~~~~~
../src/defendergame.xc:143:7: warning: unused variable `currentDirection' [-Wunused-variable]
  int currentDirection = 1;                  //the current direction the attacker is moving
      ^~~~~~~~~~~~~~~~
../src/defendergame.xc:144:7: warning: unused variable `moveForbidden' [-Wunused-variable]
  int moveForbidden = 0;                     //the verdict of the controller if move is allowed
      ^~~~~~~~~~~~~
../src/defendergame.xc:166:16: warning: unused variable `lastReportedUserAntPosition' [-Wunused-variable]
  unsigned int lastReportedUserAntPosition = 11;      //position last reported by userAnt
               ^~~~~~~~~~~~~~~~~~~~~~~~~~~
../src/defendergame.xc:167:16: warning: unused variable `lastReportedAttackerAntPosition' [-Wunused-variable]
  unsigned int lastReportedAttackerAntPosition = 5;   //position last reported by attackerAnt
               ^~~~~~~~~~~~~~~~~~~~~~~~~~~~~~~
Creating dependencies for defendergame.xc
Compiling defendergame.xc
../src/defendergame.xc:120:16: warning: unused variable `attemptedAntPosition' [-Wunused-variable]
  unsigned int attemptedAntPosition = 0;   //the next attempted defender position after considering button
               ^~~~~~~~~~~~~~~~~~~~
../src/defendergame.xc:121:7: warning: unused variable `moveForbidden' [-Wunused-variable]
  int moveForbidden;                       //the verdict of the controller if move is allowed
      ^~~~~~~~~~~~~
../src/defendergame.xc:140:7: warning: unused variable `moveCounter' [-Wunused-variable]
  int moveCounter = 0;                       //moves of attacker so far
      ^~~~~~~~~~~
../src/defendergame.xc:142:16: warning: unused variable `attemptedAntPosition' [-Wunused-variable]
  unsigned int attemptedAntPosition;         //the next attempted  position after considering move direction
               ^~~~~~~~~~~~~~~~~~~~
../src/defendergame.xc:143:7: warning: unused variable `currentDirection' [-Wunused-variable]
  int currentDirection = 1;                  //the current direction the attacker is moving
      ^~~~~~~~~~~~~~~~
../src/defendergame.xc:144:7: warning: unused variable `moveForbidden' [-Wunused-variable]
  int moveForbidden = 0;                     //the verdict of the controller if move is allowed
      ^~~~~~~~~~~~~
../src/defendergame.xc:166:16: warning: unused variable `lastReportedUserAntPosition' [-Wunused-variable]
  unsigned int lastReportedUserAntPosition = 11;      //position last reported by userAnt
               ^~~~~~~~~~~~~~~~~~~~~~~~~~~
../src/defendergame.xc:167:16: warning: unused variable `lastReportedAttackerAntPosition' [-Wunused-variable]
  unsigned int lastReportedAttackerAntPosition = 5;   //position last reported by attackerAnt
               ^~~~~~~~~~~~~~~~~~~~~~~~~~~~~~~
Creating defendergame.xe
Build Complete
13:17:12 **** Build of configuration Default for project Game_of_Life ****
xmake CONFIG=Default all 
Checking build modules
No build modules used.
Analyzing Game_of_Life.xc
Propagating analysis
Creating dependencies for Game_of_Life.xc
Compiling Game_of_Life.xc
Creating Game_of_Life.xe
crt1.S: Error: Undefined reference to 'main'
xmake[1]: *** [bin//Game_of_Life.xe] Error 1
xmake: *** [bin//Game_of_Life.xe] Error 2
13:17:13 **** Build of configuration Default for project Queen ****
xmake CONFIG=Default all 
Checking build modules
No build modules used.
xmake[1]: `bin//Queen.xe' is up to date.
Build Complete
13:17:13 **** Build of configuration Default for project Queen_and_Worker_Ants ****
xmake CONFIG=Default all 
Checking build modules
No build modules used.
Creating Queen_and_Worker_Ants.xe
crt1.S: Error: Undefined reference to 'main'
xmake[1]: *** [bin//Queen_and_Worker_Ants.xe] Error 1
xmake: *** [bin//Queen_and_Worker_Ants.xe] Error 2
13:17:13 **** Build of configuration Default for project defendergame ****
xmake CONFIG=Default all 
Checking build modules
No build modules used.
Analyzing defendergame.xc
../src/defendergame.xc:120:16: warning: unused variable `attemptedAntPosition' [-Wunused-variable]
  unsigned int attemptedAntPosition = 0;   //the next attempted defender position after considering button
               ^~~~~~~~~~~~~~~~~~~~
../src/defendergame.xc:121:7: warning: unused variable `moveForbidden' [-Wunused-variable]
  int moveForbidden;                       //the verdict of the controller if move is allowed
      ^~~~~~~~~~~~~
../src/defendergame.xc:140:7: warning: unused variable `moveCounter' [-Wunused-variable]
  int moveCounter = 0;                       //moves of attacker so far
      ^~~~~~~~~~~
../src/defendergame.xc:142:16: warning: unused variable `attemptedAntPosition' [-Wunused-variable]
  unsigned int attemptedAntPosition;         //the next attempted  position after considering move direction
               ^~~~~~~~~~~~~~~~~~~~
../src/defendergame.xc:143:7: warning: unused variable `currentDirection' [-Wunused-variable]
  int currentDirection = 1;                  //the current direction the attacker is moving
      ^~~~~~~~~~~~~~~~
../src/defendergame.xc:144:7: warning: unused variable `moveForbidden' [-Wunused-variable]
  int moveForbidden = 0;                     //the verdict of the controller if move is allowed
      ^~~~~~~~~~~~~
../src/defendergame.xc:167:16: warning: unused variable `lastReportedUserAntPosition' [-Wunused-variable]
  unsigned int lastReportedUserAntPosition = 11;      //position last reported by userAnt
               ^~~~~~~~~~~~~~~~~~~~~~~~~~~
../src/defendergame.xc:168:16: warning: unused variable `lastReportedAttackerAntPosition' [-Wunused-variable]
  unsigned int lastReportedAttackerAntPosition = 5;   //position last reported by attackerAnt
               ^~~~~~~~~~~~~~~~~~~~~~~~~~~~~~~
Creating dependencies for defendergame.xc
Compiling defendergame.xc
../src/defendergame.xc:120:16: warning: unused variable `attemptedAntPosition' [-Wunused-variable]
  unsigned int attemptedAntPosition = 0;   //the next attempted defender position after considering button
               ^~~~~~~~~~~~~~~~~~~~
../src/defendergame.xc:121:7: warning: unused variable `moveForbidden' [-Wunused-variable]
  int moveForbidden;                       //the verdict of the controller if move is allowed
      ^~~~~~~~~~~~~
../src/defendergame.xc:140:7: warning: unused variable `moveCounter' [-Wunused-variable]
  int moveCounter = 0;                       //moves of attacker so far
      ^~~~~~~~~~~
../src/defendergame.xc:142:16: warning: unused variable `attemptedAntPosition' [-Wunused-variable]
  unsigned int attemptedAntPosition;         //the next attempted  position after considering move direction
               ^~~~~~~~~~~~~~~~~~~~
../src/defendergame.xc:143:7: warning: unused variable `currentDirection' [-Wunused-variable]
  int currentDirection = 1;                  //the current direction the attacker is moving
      ^~~~~~~~~~~~~~~~
../src/defendergame.xc:144:7: warning: unused variable `moveForbidden' [-Wunused-variable]
  int moveForbidden = 0;                     //the verdict of the controller if move is allowed
      ^~~~~~~~~~~~~
../src/defendergame.xc:167:16: warning: unused variable `lastReportedUserAntPosition' [-Wunused-variable]
  unsigned int lastReportedUserAntPosition = 11;      //position last reported by userAnt
               ^~~~~~~~~~~~~~~~~~~~~~~~~~~
../src/defendergame.xc:168:16: warning: unused variable `lastReportedAttackerAntPosition' [-Wunused-variable]
  unsigned int lastReportedAttackerAntPosition = 5;   //position last reported by attackerAnt
               ^~~~~~~~~~~~~~~~~~~~~~~~~~~~~~~
Creating defendergame.xe
Build Complete
13:17:14 **** Build of configuration Default for project revisionLecture4 ****
xmake CONFIG=Default all 
Checking build modules
No build modules used.
xmake[1]: `bin//revisionLecture4.xe' is up to date.
Build Complete
13:27:49 **** Build of configuration Default for project game_of_life ****
xmake CONFIG=Default all 
Checking build modules
Using build modules: lib_i2c(3.0.0) lib_logging(2.0.0) lib_xassert(2.0.0)
Analyzing pgmIO.c
Analyzing debug_printf.c
Analyzing main.xc
Analyzing i2c_master_async.xc
/home/juan/Documents/Year_2/Concurrent_Computing/Game/COMS20001/lib_i2c/src/i2c_master_async.xc:126:26: warning: argument 1 of `i2c_master_async_aux' slices interface preventing analysis of its parallel usage
    i2c_master_async_aux(i, n, i2c_dist[0], max_transaction_size);
                         ^
Analyzing i2c_master_ext.xc
Analyzing i2c_master_single_port.xc
Analyzing i2c_master.xc
Analyzing i2c_slave.xc
Analyzing xassert.xc
Propagating analysis
Creating dependencies for xassert.xc
Creating dependencies for i2c_slave.xc
Creating dependencies for i2c_master.xc
Creating dependencies for i2c_master_single_port.xc
Creating dependencies for i2c_master_ext.xc
Creating dependencies for i2c_master_async.xc
Creating dependencies for main.xc
Creating dependencies for debug_printf.c
Creating dependencies for pgmIO.c
Compiling pgmIO.c
Compiling debug_printf.c
Compiling main.xc
Compiling i2c_master_async.xc
/home/juan/Documents/Year_2/Concurrent_Computing/Game/COMS20001/lib_i2c/src/i2c_master_async.xc:126:26: warning: argument 1 of `i2c_master_async_aux' slices interface preventing analysis of its parallel usage
    i2c_master_async_aux(i, n, i2c_dist[0], max_transaction_size);
                         ^
Compiling i2c_master_ext.xc
Compiling i2c_master_single_port.xc
Compiling i2c_master.xc
Compiling i2c_slave.xc
Compiling xassert.xc
Creating game_of_life.xe
Build Complete
13:28:05 **** Incremental Build of configuration Default for project game_of_life ****
xmake CONFIG=Default all 
Checking build modules
Using build modules: lib_i2c(3.0.0) lib_logging(2.0.0) lib_xassert(2.0.0)
xmake[1]: `bin//game_of_life.xe' is up to date.
Build Complete
13:43:25 **** Build of configuration Default for project game_of_life ****
xmake CONFIG=Default all 
Checking build modules
Using build modules: lib_i2c(3.0.0) lib_logging(2.0.0) lib_xassert(2.0.0)
xmake[1]: `bin//game_of_life.xe' is up to date.
Build Complete
13:44:20 **** Incremental Build of configuration Default for project game_of_life ****
xmake CONFIG=Default all 
Checking build modules
Using build modules: lib_i2c(3.0.0) lib_logging(2.0.0) lib_xassert(2.0.0)
xmake[1]: `bin//game_of_life.xe' is up to date.
Build Complete
13:48:10 **** Incremental Build of configuration Default for project game_of_life ****
xmake CONFIG=Default all 
Checking build modules
Using build modules: lib_i2c(3.0.0) lib_logging(2.0.0) lib_xassert(2.0.0)
xmake[1]: `bin//game_of_life.xe' is up to date.
Build Complete
13:48:15 **** Incremental Build of configuration Default for project Queen ****
xmake CONFIG=Default all 
Checking build modules
No build modules used.
xmake[1]: `bin//Queen.xe' is up to date.
Build Complete
13:48:15 **** Incremental Build of configuration Default for project Queen_and_Worker_Ants ****
xmake CONFIG=Default all 
Checking build modules
No build modules used.
Creating Queen_and_Worker_Ants.xe
crt1.S: Error: Undefined reference to 'main'
xmake[1]: *** [bin//Queen_and_Worker_Ants.xe] Error 1
xmake: *** [bin//Queen_and_Worker_Ants.xe] Error 2
13:48:16 **** Incremental Build of configuration Default for project defendergame ****
xmake CONFIG=Default all 
Checking build modules
No build modules used.
xmake[1]: `bin//defendergame.xe' is up to date.
Build Complete
13:48:16 **** Incremental Build of configuration Default for project game_of_life ****
xmake CONFIG=Default all 
Checking build modules
Using build modules: lib_i2c(3.0.0) lib_logging(2.0.0) lib_xassert(2.0.0)
xmake[1]: `bin//game_of_life.xe' is up to date.
Build Complete
13:48:16 **** Build of configuration Default for project lib_i2c ****
xmake -f .makefile all 
** Module only - only builds as part of application **
13:48:17 **** Build of configuration Default for project lib_logging ****
xmake -f .makefile all 
** Module only - only builds as part of application **
13:48:17 **** Build of configuration Default for project lib_xassert ****
xmake -f .makefile all 
** Module only - only builds as part of application **
13:48:17 **** Incremental Build of configuration Default for project revisionLecture4 ****
xmake CONFIG=Default all 
Checking build modules
No build modules used.
xmake[1]: `bin//revisionLecture4.xe' is up to date.
Build Complete
13:48:20 **** Incremental Build of configuration Default for project game_of_life ****
xmake CONFIG=Default all 
Checking build modules
Using build modules: lib_i2c(3.0.0) lib_logging(2.0.0) lib_xassert(2.0.0)
xmake[1]: `bin//game_of_life.xe' is up to date.
Build Complete
